<?xml version="1.0" encoding="UTF-8"?>
<!-- Generated by org.testng.reporters.JUnitReportReporter -->
<testsuite hostname="Tri-kokne58" failures="0" tests="3" name="Grouping.exa2_groupingTC" time="0.063" errors="0" timestamp="2022-12-31T19:53:58 IST" skipped="0">
  <testcase classname="Grouping.exa2_groupingTC" name="TC13" time="0.003"/>
  <system-out>
    <![CDATA[running TC13]]>
  </system-out>
  <testcase classname="Grouping.exa2_groupingTC" name="TC11" time="0.057"/>
  <system-out>
    <![CDATA[running TC11]]>
  </system-out>
  <testcase classname="Grouping.exa2_groupingTC" name="TC12" time="0.003"/>
  <system-out>
    <![CDATA[running TC12]]>
  </system-out>
</testsuite> <!-- Grouping.exa2_groupingTC -->
