<?xml version="1.0" encoding="UTF-8"?>
<!-- Generated by org.testng.reporters.JUnitReportReporter -->
<testsuite hostname="Tri-kokne58" failures="0" tests="5" name="TestNG_keywords.example2_testNG_keyword_invocationCount" time="0.265" errors="0" timestamp="2022-11-17T09:30:05 IST" skipped="0">
  <testcase classname="TestNG_keywords.example2_testNG_keyword_invocationCount" name="m1" time="0.012"/>
  <system-out>
    <![CDATA[running TC1]]>
  </system-out>
  <testcase classname="TestNG_keywords.example2_testNG_keyword_invocationCount" name="m1" time="0.005"/>
  <system-out>
    <![CDATA[running TC1]]>
  </system-out>
  <testcase classname="TestNG_keywords.example2_testNG_keyword_invocationCount" name="m1" time="0.007"/>
  <system-out>
    <![CDATA[running TC1]]>
  </system-out>
  <testcase classname="TestNG_keywords.example2_testNG_keyword_invocationCount" name="m1" time="0.237"/>
  <system-out>
    <![CDATA[running TC1]]>
  </system-out>
  <testcase classname="TestNG_keywords.example2_testNG_keyword_invocationCount" name="m1" time="0.004"/>
  <system-out>
    <![CDATA[running TC1]]>
  </system-out>
</testsuite> <!-- TestNG_keywords.example2_testNG_keyword_invocationCount -->
