<?xml version="1.0" encoding="UTF-8"?>
<!-- Generated by org.testng.reporters.JUnitReportReporter -->
<testsuite hostname="Tri-kokne58" failures="0" tests="2" name="TestNG.example_withTestNG" time="0.032" errors="0" timestamp="2022-11-07T07:35:38 IST" skipped="0">
  <testcase classname="TestNG.example_withTestNG" name="m2" time="0.004"/>
  <system-out>
    <![CDATA[Running method m2....]]>
  </system-out>
  <testcase classname="TestNG.example_withTestNG" name="m1" time="0.028"/>
  <system-out>
    <![CDATA[running method m1...]]>
  </system-out>
</testsuite> <!-- TestNG.example_withTestNG -->
