<?xml version="1.0" encoding="UTF-8"?>
<!-- Generated by org.testng.reporters.JUnitReportReporter -->
<testsuite hostname="Tri-kokne58" failures="0" tests="2" name="parallel_testing.exa2_paralleltesting2" time="177.864" errors="0" timestamp="2023-01-02T13:44:52 IST" skipped="0">
  <testcase classname="parallel_testing.exa2_paralleltesting2" name="youtube" time="87.990"/>
  <system-out/>
  <testcase classname="parallel_testing.exa2_paralleltesting2" name="growapp" time="89.874"/>
  <system-out/>
</testsuite> <!-- parallel_testing.exa2_paralleltesting2 -->
