<?xml version="1.0" encoding="UTF-8"?>
<!-- Generated by org.testng.reporters.JUnitReportReporter -->
<testsuite hostname="Tri-kokne58" failures="0" tests="2" name="Test_Suite.example1_priority3" time="0.022" errors="0" timestamp="2022-11-07T14:55:39 IST" skipped="0">
  <testcase classname="Test_Suite.example1_priority3" name="c" time="0.003"/>
  <system-out>
    <![CDATA[running TC5....]]>
  </system-out>
  <testcase classname="Test_Suite.example1_priority3" name="a" time="0.019"/>
  <system-out>
    <![CDATA[running TC6....]]>
  </system-out>
</testsuite> <!-- Test_Suite.example1_priority3 -->
