<?xml version="1.0" encoding="UTF-8"?>
<!-- Generated by org.testng.reporters.JUnitReportReporter -->
<testsuite hostname="Tri-kokne58" failures="0" tests="2" name="Test_Suite.example1_priority2" time="0.014" errors="0" timestamp="2022-11-07T14:55:39 IST" skipped="0">
  <testcase classname="Test_Suite.example1_priority2" name="m4" time="0.005"/>
  <system-out>
    <![CDATA[running TC4....]]>
  </system-out>
  <testcase classname="Test_Suite.example1_priority2" name="m3" time="0.009"/>
  <system-out>
    <![CDATA[running TC3....]]>
  </system-out>
</testsuite> <!-- Test_Suite.example1_priority2 -->
