<?xml version="1.0" encoding="UTF-8"?>
<!-- Generated by org.testng.reporters.JUnitReportReporter -->
<testsuite hostname="Tri-kokne58" failures="0" tests="2" name="TestNG.example3_TestNG_Annotations" time="0.039" errors="0" timestamp="2022-11-07T07:58:00 IST" skipped="0">
  <testcase classname="TestNG.example3_TestNG_Annotations" name="verifyUID2" time="0.004"/>
  <system-out>
    <![CDATA[runnign UID2 test case]]>
  </system-out>
  <testcase classname="TestNG.example3_TestNG_Annotations" name="verifyUID1" time="0.035"/>
  <system-out>
    <![CDATA[runnign UID1 test case]]>
  </system-out>
</testsuite> <!-- TestNG.example3_TestNG_Annotations -->
