<?xml version="1.0" encoding="UTF-8"?>
<!-- Generated by org.testng.reporters.JUnitReportReporter -->
<testsuite hostname="Tri-kokne58" failures="0" tests="3" name="TestNG_keywords.example3_testNG_keyword_enable" time="0.029" errors="0" timestamp="2022-11-07T14:27:03 IST" skipped="1">
  <testcase classname="TestNG_keywords.example3_testNG_keyword_enable" name="m3" time="0.002"/>
  <system-out>
    <![CDATA[running TC3]]>
  </system-out>
  <testcase classname="TestNG_keywords.example3_testNG_keyword_enable" name="m1" time="0.027"/>
  <system-out>
    <![CDATA[running TC1]]>
  </system-out>
  <testcase classname="TestNG_keywords.example3_testNG_keyword_enable" name="m2">
    <skipped/>
  </testcase> <!-- m2 -->
  <system-out/>
</testsuite> <!-- TestNG_keywords.example3_testNG_keyword_enable -->
