<?xml version="1.0" encoding="UTF-8"?>
<!-- Generated by org.testng.reporters.JUnitReportReporter -->
<testsuite hostname="Tri-kokne58" failures="0" tests="1" name="Upstox_POM_DDF_TestNG.upstoxexample_POM_DDF_TestNg" time="13.064" errors="0" timestamp="2022-11-15T19:52:14 IST" skipped="0">
  <testcase classname="Upstox_POM_DDF_TestNG.upstoxexample_POM_DDF_TestNg" name="verifyUN" time="13.064"/>
  <system-out/>
</testsuite> <!-- Upstox_POM_DDF_TestNG.upstoxexample_POM_DDF_TestNg -->
