<?xml version="1.0" encoding="UTF-8"?>
<!-- Generated by org.testng.reporters.JUnitReportReporter -->
<testsuite hostname="Tri-kokne58" failures="0" tests="2" name="TestNG_keywords.example1_priority3" time="0.027" errors="0" timestamp="2022-11-07T14:19:33 IST" skipped="0">
  <testcase classname="TestNG_keywords.example1_priority3" name="c" time="0.003"/>
  <system-out>
    <![CDATA[running TC1....]]>
  </system-out>
  <testcase classname="TestNG_keywords.example1_priority3" name="a" time="0.024"/>
  <system-out>
    <![CDATA[running TC2....]]>
  </system-out>
</testsuite> <!-- TestNG_keywords.example1_priority3 -->
