<?xml version="1.0" encoding="UTF-8"?>
<!-- Generated by org.testng.reporters.JUnitReportReporter -->
<testsuite hostname="Tri-kokne58" failures="0" tests="1" name="POM_DDF_TestNG_UtilityAndBasecls.Upstoxexample_POM_DDF_TestNG" time="32.067" errors="0" timestamp="2022-11-16T16:51:41 IST" skipped="0">
  <testcase classname="POM_DDF_TestNG_UtilityAndBasecls.Upstoxexample_POM_DDF_TestNG" name="verifyUN" time="32.067"/>
  <system-out/>
</testsuite> <!-- POM_DDF_TestNG_UtilityAndBasecls.Upstoxexample_POM_DDF_TestNG -->
