<?xml version="1.0" encoding="UTF-8"?>
<!-- Generated by org.testng.reporters.JUnitReportReporter -->
<testsuite hostname="Tri-kokne58" failures="0" tests="3" name="parallel_testing.practice.test2" time="0.015" errors="0" timestamp="2023-01-05T17:33:20 IST" skipped="0">
  <testcase classname="parallel_testing.practice.test2" name="loginhomeloan" time="0.004"/>
  <system-out/>
  <testcase classname="parallel_testing.practice.test2" name="logouthomeloan" time="0.003"/>
  <system-out/>
  <testcase classname="parallel_testing.practice.test2" name="propertyhomeloan" time="0.008"/>
  <system-out/>
</testsuite> <!-- parallel_testing.practice.test2 -->
