<?xml version="1.0" encoding="UTF-8"?>
<!-- Generated by org.testng.reporters.JUnitReportReporter -->
<testsuite hostname="Tri-kokne58" failures="0" tests="2" name="TestNG_keywords.example1_priority1" time="0.025" errors="0" timestamp="2022-11-07T13:11:48 IST" skipped="0">
  <testcase classname="TestNG_keywords.example1_priority1" name="m2" time="0.003"/>
  <system-out>
    <![CDATA[running TC2]]>
  </system-out>
  <testcase classname="TestNG_keywords.example1_priority1" name="m1" time="0.022"/>
  <system-out>
    <![CDATA[running TC1....]]>
  </system-out>
</testsuite> <!-- TestNG_keywords.example1_priority1 -->
