<?xml version="1.0" encoding="UTF-8"?>
<!-- Generated by org.testng.reporters.JUnitReportReporter -->
<testsuite hostname="Tri-kokne58" failures="0" tests="2" name="Test_Suite.example1_priority4" time="0.030" errors="0" timestamp="2022-11-07T14:55:39 IST" skipped="0">
  <testcase classname="Test_Suite.example1_priority4" name="m8" time="0.026"/>
  <system-out>
    <![CDATA[running TC8]]>
  </system-out>
  <testcase classname="Test_Suite.example1_priority4" name="m7" time="0.004"/>
  <system-out>
    <![CDATA[running TC7]]>
  </system-out>
</testsuite> <!-- Test_Suite.example1_priority4 -->
