<?xml version="1.0" encoding="UTF-8"?>
<!-- Generated by org.testng.reporters.JUnitReportReporter -->
<testsuite hostname="Tri-kokne58" failures="0" tests="2" name="Disable_TC_execution.exa2_disable_TC_include" time="0.047" errors="0" timestamp="2022-12-31T13:29:58 IST" skipped="0">
  <testcase classname="Disable_TC_execution.exa2_disable_TC_include" name="TC6" time="0.008"/>
  <system-out>
    <![CDATA[running TC6]]>
  </system-out>
  <testcase classname="Disable_TC_execution.exa2_disable_TC_include" name="TC5" time="0.039"/>
  <system-out>
    <![CDATA[running TC5]]>
  </system-out>
</testsuite> <!-- Disable_TC_execution.exa2_disable_TC_include -->
