<?xml version="1.0" encoding="UTF-8"?>
<!-- Generated by org.testng.reporters.JUnitReportReporter -->
<testsuite hostname="Tri-kokne58" failures="0" tests="2" name="TestNG.example2_wittestNG" time="35.866" errors="0" timestamp="2022-11-07T07:47:31 IST" skipped="0">
  <testcase classname="TestNG.example2_wittestNG" name="m1" time="13.060"/>
  <system-out/>
  <testcase classname="TestNG.example2_wittestNG" name="m2" time="22.806"/>
  <system-out/>
</testsuite> <!-- TestNG.example2_wittestNG -->
