<?xml version="1.0" encoding="UTF-8"?>
<!-- Generated by org.testng.reporters.JUnitReportReporter -->
<testsuite hostname="Tri-kokne58" failures="0" tests="3" name="Grouping.exa1_grouping_TC" time="0.016" errors="0" timestamp="2022-12-31T19:53:58 IST" skipped="0">
  <testcase classname="Grouping.exa1_grouping_TC" name="TC2" time="0.007"/>
  <system-out>
    <![CDATA[running TC2]]>
  </system-out>
  <testcase classname="Grouping.exa1_grouping_TC" name="TC1" time="0.001"/>
  <system-out>
    <![CDATA[running TC1]]>
  </system-out>
  <testcase classname="Grouping.exa1_grouping_TC" name="TC3" time="0.008"/>
  <system-out>
    <![CDATA[running TC3]]>
  </system-out>
</testsuite> <!-- Grouping.exa1_grouping_TC -->
