<?xml version="1.0" encoding="UTF-8"?>
<!-- Generated by org.testng.reporters.JUnitReportReporter -->
<testsuite hostname="Tri-kokne58" failures="0" tests="3" name="TestNG_keywords.example4_testNG_keywords_timeout" time="2.078" errors="0" timestamp="2022-11-07T14:32:36 IST" skipped="0">
  <testcase classname="TestNG_keywords.example4_testNG_keywords_timeout" name="m3" time="0.004"/>
  <system-out>
    <![CDATA[running TC3]]>
  </system-out>
  <testcase classname="TestNG_keywords.example4_testNG_keywords_timeout" name="m1" time="0.052"/>
  <system-out>
    <![CDATA[running TC1]]>
  </system-out>
  <testcase classname="TestNG_keywords.example4_testNG_keywords_timeout" name="m2" time="2.022"/>
  <system-out>
    <![CDATA[running TC2]]>
  </system-out>
</testsuite> <!-- TestNG_keywords.example4_testNG_keywords_timeout -->
