<?xml version="1.0" encoding="UTF-8"?>
<!-- Generated by org.testng.reporters.JUnitReportReporter -->
<testsuite hostname="Tri-kokne58" failures="0" tests="2" name="TestNG_keywords.example1_priority4" time="0.035" errors="0" timestamp="2022-11-07T14:21:00 IST" skipped="0">
  <testcase classname="TestNG_keywords.example1_priority4" name="m2" time="0.031"/>
  <system-out>
    <![CDATA[running TC2]]>
  </system-out>
  <testcase classname="TestNG_keywords.example1_priority4" name="m1" time="0.004"/>
  <system-out>
    <![CDATA[running TC1]]>
  </system-out>
</testsuite> <!-- TestNG_keywords.example1_priority4 -->
