<?xml version="1.0" encoding="UTF-8"?>
<!-- Generated by org.testng.reporters.JUnitReportReporter -->
<testsuite hostname="Tri-kokne58" failures="0" tests="2" name="Disable_TC_execution.exa3_disableTC_exclude" time="0.041" errors="0" timestamp="2022-12-31T13:31:18 IST" skipped="0">
  <testcase classname="Disable_TC_execution.exa3_disableTC_exclude" name="TC12" time="0.006"/>
  <system-out>
    <![CDATA[running TC12]]>
  </system-out>
  <testcase classname="Disable_TC_execution.exa3_disableTC_exclude" name="TC11" time="0.035"/>
  <system-out>
    <![CDATA[running TC11]]>
  </system-out>
</testsuite> <!-- Disable_TC_execution.exa3_disableTC_exclude -->
