<?xml version="1.0" encoding="UTF-8"?>
<!-- Generated by org.testng.reporters.JUnitReportReporter -->
<testsuite hostname="Tri-kokne58" failures="0" tests="2" name="TestNG.example4_testNGAnnotation" time="0.031" errors="0" timestamp="2022-11-07T08:07:28 IST" skipped="0">
  <testcase classname="TestNG.example4_testNGAnnotation" name="VerifyUID2" time="0.005"/>
  <system-out>
    <![CDATA[Running VerifyUser ID2 Test case....]]>
  </system-out>
  <testcase classname="TestNG.example4_testNGAnnotation" name="VerifyUID1" time="0.026"/>
  <system-out>
    <![CDATA[Running VerifyUser ID1 Test case....]]>
  </system-out>
</testsuite> <!-- TestNG.example4_testNGAnnotation -->
