<?xml version="1.0" encoding="UTF-8"?>
<!-- Generated by org.testng.reporters.JUnitReportReporter -->
<testsuite hostname="Tri-kokne58" failures="0" tests="4" name="Disable_TC_execution.exa1_disable_TC_enabled" time="0.028" errors="0" timestamp="2022-12-31T13:26:42 IST" skipped="1">
  <testcase classname="Disable_TC_execution.exa1_disable_TC_enabled" name="TC1" time="0.002"/>
  <system-out>
    <![CDATA[running TC1]]>
  </system-out>
  <testcase classname="Disable_TC_execution.exa1_disable_TC_enabled" name="TC3" time="0.001"/>
  <system-out>
    <![CDATA[running TC3]]>
  </system-out>
  <testcase classname="Disable_TC_execution.exa1_disable_TC_enabled" name="TC" time="0.025"/>
  <system-out>
    <![CDATA[running TC]]>
  </system-out>
  <testcase classname="Disable_TC_execution.exa1_disable_TC_enabled" name="TC2">
    <skipped/>
  </testcase> <!-- TC2 -->
  <system-out/>
</testsuite> <!-- Disable_TC_execution.exa1_disable_TC_enabled -->
